<?xml version="1.0" encoding="UTF-8"?>
<!-- Generated by org.testng.reporters.JUnitReportReporter -->
<testsuite skipped="0" hostname="BogdanRadu" name="qaclickacademy.ApiumTest" tests="2" failures="0" timestamp="2020-08-27T18:47:39 EEST" time="0.005" errors="0">
  <testcase name="ApiumTest1" time="0.004" classname="qaclickacademy.ApiumTest"/>
  <system-out/>
  <testcase name="ApiumTest2" time="0.001" classname="qaclickacademy.ApiumTest"/>
  <system-out/>
</testsuite> <!-- qaclickacademy.ApiumTest -->
