<?xml version="1.0" encoding="UTF-8"?>
<!-- Generated by org.testng.reporters.JUnitReportReporter -->
<testsuite skipped="0" hostname="BogdanRadu" name="qaclickacademy.RESTAPITest" tests="2" failures="0" timestamp="2020-08-27T18:47:39 EEST" time="0.005" errors="0">
  <testcase name="APITest2" time="0.003" classname="qaclickacademy.RESTAPITest"/>
  <system-out/>
  <testcase name="APITest1" time="0.002" classname="qaclickacademy.RESTAPITest"/>
  <system-out/>
</testsuite> <!-- qaclickacademy.RESTAPITest -->
