<?xml version="1.0" encoding="UTF-8"?>
<!-- Generated by org.testng.reporters.JUnitReportReporter -->
<testsuite skipped="0" hostname="BogdanRadu" name="qaclickacademy.SeleniumTest" tests="2" failures="0" timestamp="2020-08-27T18:47:39 EEST" time="0.015" errors="0">
  <testcase name="SeleniumTest1" time="0.012" classname="qaclickacademy.SeleniumTest"/>
  <system-out/>
  <testcase name="SeleniumTest2" time="0.003" classname="qaclickacademy.SeleniumTest"/>
  <system-out/>
</testsuite> <!-- qaclickacademy.SeleniumTest -->
