<?xml version="1.0" encoding="UTF-8"?>
<!-- Generated by org.testng.reporters.JUnitReportReporter -->
<testsuite skipped="0" hostname="BogdanRadu" name="qaclickacademy.SeleniumTest" tests="2" failures="0" timestamp="2020-08-25T21:03:54 EEST" time="0.007" errors="0">
  <testcase name="SeleniumTest1" time="0.006" classname="qaclickacademy.SeleniumTest"/>
  <system-out/>
  <testcase name="SeleniumTest2" time="0.001" classname="qaclickacademy.SeleniumTest"/>
  <system-out/>
</testsuite> <!-- qaclickacademy.SeleniumTest -->
